[03:15:11] [Server thread/INFO]: DiaC_BuCk lost connection: Disconnected
[03:15:12] [Server thread/INFO]: DiaC_BuCk left the game.
[06:13:50] [User Authenticator #2/INFO]: UUID of player DiaC_BuCk is fb19fb6f-b416-4840-b931-c84443e64931
[06:13:53] [Server thread/INFO]: DiaC_BuCk[/127.0.0.1:56006] logged in with entity id 15322 at ([world] 138.79502820112387, 68.0, 163.2587175480097)
[06:13:54] [Server thread/INFO]: [@: Changing to clear weather]
[06:13:54] [Server thread/INFO]: [@: Changing to clear weather]
[06:13:54] [Server thread/INFO]: [@: Changing to clear weather]
[06:13:54] [Server thread/INFO]: [@: Changing to clear weather]
[06:13:54] [Server thread/INFO]: [@: Changing to clear weather]
[06:13:55] [Server thread/INFO]: [@: Changing to clear weather]
[06:13:55] [Server thread/INFO]: [@: Changing to clear weather]
[06:13:56] [Server thread/INFO]: [@: Changing to clear weather]
[06:13:56] [Server thread/INFO]: [@: Changing to clear weather]
[06:13:56] [Server thread/INFO]: [@: Changing to clear weather]
[06:13:57] [Server thread/INFO]: [@: Changing to clear weather]
[06:13:57] [Server thread/INFO]: [@: Changing to clear weather]
[06:13:58] [Server thread/INFO]: [@: Changing to clear weather]
[06:13:58] [Server thread/INFO]: [@: Changing to clear weather]
[06:13:58] [Server thread/INFO]: [@: Changing to clear weather]
[06:13:59] [Server thread/INFO]: [@: Changing to clear weather]
[06:13:59] [Server thread/INFO]: [@: Changing to clear weather]
[06:14:00] [Server thread/INFO]: [@: Changing to clear weather]
[06:14:00] [Server thread/INFO]: [@: Changing to clear weather]
[06:14:00] [Server thread/INFO]: [@: Changing to clear weather]
[06:14:01] [Server thread/INFO]: [@: Changing to clear weather]
[06:14:01] [Server thread/INFO]: [@: Changing to clear weather]
[06:14:02] [Server thread/INFO]: [@: Changing to clear weather]
[06:14:02] [Server thread/INFO]: [@: Changing to clear weather]
[06:14:02] [Server thread/INFO]: [@: Changing to clear weather]
[06:14:03] [Server thread/INFO]: [@: Changing to clear weather]
[06:14:03] [Server thread/INFO]: [@: Changing to clear weather]
[06:14:04] [Server thread/INFO]: [@: Changing to clear weather]
[06:14:04] [Server thread/INFO]: [@: Changing to clear weather]
[06:14:04] [Server thread/INFO]: [@: Changing to clear weather]
[06:14:05] [Server thread/INFO]: [@: Changing to clear weather]
[06:14:05] [Server thread/INFO]: [@: Changing to clear weather]
[06:14:06] [Server thread/INFO]: [@: Changing to clear weather]
[06:14:06] [Server thread/INFO]: [@: Changing to clear weather]
[06:14:06] [Server thread/INFO]: [@: Changing to clear weather]
[06:14:07] [Server thread/INFO]: [@: Changing to clear weather]
[06:14:07] [Server thread/INFO]: [@: Changing to clear weather]
[06:14:08] [Server thread/INFO]: [@: Changing to clear weather]
[06:14:08] [Server thread/INFO]: [@: Changing to clear weather]
[06:14:08] [Server thread/INFO]: [@: Changing to clear weather]
[06:14:09] [Server thread/INFO]: [@: Changing to clear weather]
[06:14:09] [Server thread/INFO]: [@: Changing to clear weather]
[06:14:10] [Server thread/INFO]: [@: Changing to clear weather]
[06:14:10] [Server thread/INFO]: [@: Changing to clear weather]
[06:14:10] [Server thread/INFO]: [@: Changing to clear weather]
[06:14:11] [Server thread/INFO]: [@: Changing to clear weather]
[06:14:11] [Server thread/INFO]: [@: Changing to clear weather]
[06:14:12] [Server thread/INFO]: [@: Changing to clear weather]
[06:14:12] [Server thread/INFO]: [@: Changing to clear weather]
[06:14:12] [Server thread/INFO]: [@: Changing to clear weather]
[06:14:13] [Server thread/INFO]: [@: Changing to clear weather]
[06:14:13] [Server thread/INFO]: [@: Changing to clear weather]
[06:14:14] [Server thread/INFO]: [@: Changing to clear weather]
[06:14:14] [Server thread/INFO]: [@: Changing to clear weather]
[06:14:15] [Server thread/INFO]: [@: Changing to clear weather]
[06:14:15] [Server thread/INFO]: [@: Changing to clear weather]
[06:14:15] [Server thread/INFO]: [@: Changing to clear weather]
[06:14:16] [Server thread/INFO]: [@: Changing to clear weather]
[06:14:16] [Server thread/INFO]: [@: Changing to clear weather]
[06:14:17] [Server thread/INFO]: [@: Changing to clear weather]
[06:14:17] [Server thread/INFO]: [@: Changing to clear weather]
[06:14:17] [Server thread/INFO]: [@: Changing to clear weather]
[06:14:18] [Server thread/INFO]: [@: Changing to clear weather]
[06:14:18] [Server thread/INFO]: [@: Changing to clear weather]
[06:14:19] [Server thread/INFO]: [@: Changing to clear weather]
[06:14:19] [Server thread/INFO]: [@: Changing to clear weather]
[06:14:19] [Server thread/INFO]: [@: Changing to clear weather]
[06:14:20] [Server thread/INFO]: [@: Changing to clear weather]
[06:14:20] [Server thread/INFO]: [@: Changing to clear weather]
[06:14:21] [Server thread/INFO]: [@: Changing to clear weather]
[06:14:21] [Server thread/INFO]: [@: Changing to clear weather]
[06:14:22] [Server thread/INFO]: [@: Changing to clear weather]
[06:14:22] [Server thread/INFO]: [@: Changing to clear weather]
[06:14:22] [Server thread/INFO]: [@: Changing to clear weather]
[06:14:23] [Server thread/INFO]: [@: Changing to clear weather]
[06:14:23] [Server thread/INFO]: [@: Changing to clear weather]
[06:14:24] [Server thread/INFO]: [@: Changing to clear weather]
[06:14:24] [Server thread/INFO]: [@: Changing to clear weather]
[06:14:25] [Server thread/INFO]: [@: Changing to clear weather]
[06:14:25] [Server thread/INFO]: [@: Changing to clear weather]
[06:14:25] [Server thread/INFO]: [@: Changing to clear weather]
[06:14:26] [Server thread/INFO]: [@: Changing to clear weather]
[06:14:26] [Server thread/INFO]: [@: Changing to clear weather]
[06:14:27] [Server thread/INFO]: [@: Changing to clear weather]
[06:14:27] [Server thread/INFO]: [@: Changing to clear weather]
[06:14:27] [Server thread/INFO]: [@: Changing to clear weather]
[06:14:28] [Server thread/INFO]: [@: Changing to clear weather]
[06:14:28] [Server thread/INFO]: [@: Changing to clear weather]
[06:14:29] [Server thread/INFO]: [@: Changing to clear weather]
[06:14:29] [Server thread/INFO]: [@: Changing to clear weather]
[06:14:30] [Server thread/INFO]: [@: Changing to clear weather]
[06:14:30] [Server thread/INFO]: [@: Changing to clear weather]
[06:14:30] [Server thread/INFO]: [@: Changing to clear weather]
[06:14:31] [Server thread/INFO]: [@: Changing to clear weather]
[06:14:31] [Server thread/INFO]: [@: Changing to clear weather]
[06:14:32] [Server thread/INFO]: [@: Changing to clear weather]
[06:14:32] [Server thread/INFO]: [@: Changing to clear weather]
[06:14:32] [Server thread/INFO]: [@: Changing to clear weather]
[06:14:33] [Server thread/INFO]: [@: Changing to clear weather]
[06:14:33] [Server thread/INFO]: [@: Changing to clear weather]
[06:14:34] [Server thread/INFO]: [@: Changing to clear weather]
[06:14:34] [Server thread/INFO]: [@: Changing to clear weather]
[06:14:34] [Server thread/INFO]: [@: Changing to clear weather]
[06:14:35] [Server thread/INFO]: [@: Changing to clear weather]
[06:14:35] [Server thread/INFO]: [@: Changing to clear weather]
[06:14:36] [Server thread/INFO]: [@: Changing to clear weather]
[06:14:36] [Server thread/INFO]: [@: Changing to clear weather]
[06:14:36] [Server thread/INFO]: [@: Changing to clear weather]
[06:14:37] [Server thread/INFO]: [@: Changing to clear weather]
[06:14:37] [Server thread/INFO]: [@: Changing to clear weather]
[06:14:38] [Server thread/INFO]: [@: Changing to clear weather]
[06:14:38] [Server thread/INFO]: [@: Changing to clear weather]
[06:14:38] [Server thread/INFO]: [@: Changing to clear weather]
[06:14:39] [Server thread/INFO]: [@: Changing to clear weather]
[06:14:39] [Server thread/INFO]: [@: Changing to clear weather]
[06:14:40] [Server thread/INFO]: [@: Changing to clear weather]
[06:14:40] [Server thread/INFO]: [@: Changing to clear weather]
[06:14:40] [Server thread/INFO]: [@: Changing to clear weather]
[06:14:41] [Server thread/INFO]: [@: Changing to clear weather]
[06:14:41] [Server thread/INFO]: [@: Changing to clear weather]
[06:14:42] [Server thread/INFO]: [@: Changing to clear weather]
[06:14:42] [Server thread/INFO]: [@: Changing to clear weather]
[06:14:42] [Server thread/INFO]: [@: Changing to clear weather]
[06:14:43] [Server thread/INFO]: [@: Changing to clear weather]
[06:14:43] [Server thread/INFO]: [@: Changing to clear weather]
[06:14:44] [Server thread/INFO]: [@: Changing to clear weather]
[06:14:44] [Server thread/INFO]: [@: Changing to clear weather]
[06:14:44] [Server thread/INFO]: [@: Changing to clear weather]
[06:14:45] [Server thread/INFO]: [@: Changing to clear weather]
[06:14:45] [Server thread/INFO]: [@: Changing to clear weather]
[06:14:46] [Server thread/INFO]: [@: Changing to clear weather]
[06:14:46] [Server thread/INFO]: [@: Changing to clear weather]
[06:14:46] [Server thread/INFO]: [@: Changing to clear weather]
[06:14:47] [Server thread/INFO]: [@: Changing to clear weather]
[06:14:47] [Server thread/INFO]: DiaC_BuCk issued server command: /minecraft:time set night
[06:14:47] [Server thread/INFO]: [DiaC_BuCk: Set the time to 13000]
[06:14:47] [Server thread/INFO]: [@: Changing to clear weather]
[06:14:48] [Server thread/INFO]: [@: Changing to clear weather]
[06:14:48] [Server thread/INFO]: [@: Changing to clear weather]
[06:14:48] [Server thread/INFO]: [@: Changing to clear weather]
[06:14:49] [Server thread/INFO]: [@: Changing to clear weather]
[06:14:49] [Server thread/INFO]: [@: Changing to clear weather]
[06:14:50] [Server thread/INFO]: [@: Changing to clear weather]
[06:14:50] [Server thread/INFO]: [@: Changing to clear weather]
[06:14:50] [Server thread/INFO]: [@: Changing to clear weather]
[06:14:51] [Server thread/INFO]: [@: Changing to clear weather]
[06:14:51] [Server thread/INFO]: [@: Changing to clear weather]
[06:14:52] [Server thread/INFO]: [@: Changing to clear weather]
[06:14:52] [Server thread/INFO]: [@: Changing to clear weather]
[06:14:52] [Server thread/INFO]: [@: Changing to clear weather]
[06:14:53] [Server thread/INFO]: [@: Changing to clear weather]
[06:14:53] [Server thread/INFO]: [@: Changing to clear weather]
[06:14:54] [Server thread/INFO]: [@: Changing to clear weather]
[06:14:54] [Server thread/INFO]: [@: Changing to clear weather]
[06:14:54] [Server thread/INFO]: [@: Changing to clear weather]
[06:14:55] [Server thread/INFO]: [@: Changing to clear weather]
[06:14:55] [Server thread/INFO]: [@: Changing to clear weather]
[06:14:56] [Server thread/INFO]: [@: Changing to clear weather]
[06:14:56] [Server thread/INFO]: [@: Changing to clear weather]
[06:14:56] [Server thread/INFO]: [@: Changing to clear weather]
[06:14:57] [Server thread/INFO]: [@: Changing to clear weather]
[06:14:57] [Server thread/INFO]: [@: Changing to clear weather]
[06:14:58] [Server thread/INFO]: [@: Changing to clear weather]
[06:14:58] [Server thread/INFO]: [@: Changing to clear weather]
[06:14:59] [Server thread/INFO]: [@: Changing to clear weather]
[06:14:59] [Server thread/INFO]: [@: Changing to clear weather]
[06:14:59] [Server thread/INFO]: [@: Changing to clear weather]
[06:15:00] [Server thread/INFO]: [@: Changing to clear weather]
[06:15:00] [Server thread/INFO]: [@: Changing to clear weather]
[06:15:01] [Server thread/INFO]: [@: Changing to clear weather]
[06:15:01] [Server thread/INFO]: [@: Changing to clear weather]
[06:15:01] [Server thread/INFO]: [@: Changing to clear weather]
[06:15:02] [Server thread/INFO]: [@: Changing to clear weather]
[06:15:02] [Server thread/INFO]: [@: Changing to clear weather]
[06:15:03] [Server thread/INFO]: [@: Changing to clear weather]
[06:15:03] [Server thread/INFO]: [@: Changing to clear weather]
[06:15:04] [Server thread/INFO]: [@: Changing to clear weather]
[06:15:04] [Server thread/INFO]: [@: Changing to clear weather]
[06:15:04] [Server thread/INFO]: [@: Changing to clear weather]
[06:15:05] [Server thread/INFO]: [@: Changing to clear weather]
[06:15:05] [Server thread/INFO]: [@: Changing to clear weather]
[06:15:06] [Server thread/INFO]: [@: Changing to clear weather]
[06:15:06] [Server thread/INFO]: [@: Changing to clear weather]
[06:15:06] [Server thread/INFO]: [@: Changing to clear weather]
[06:15:07] [Server thread/INFO]: [@: Changing to clear weather]
[06:15:07] [Server thread/INFO]: [@: Changing to clear weather]
[06:15:08] [Server thread/INFO]: [@: Changing to clear weather]
[06:15:08] [Server thread/INFO]: [@: Changing to clear weather]
[06:15:08] [Server thread/INFO]: [@: Changing to clear weather]
[06:15:09] [Server thread/INFO]: [@: Changing to clear weather]
[06:15:09] [Server thread/INFO]: [@: Changing to clear weather]
[06:15:10] [Server thread/INFO]: [@: Changing to clear weather]
[06:15:10] [Server thread/INFO]: [@: Changing to clear weather]
[06:15:10] [Server thread/INFO]: [@: Changing to clear weather]
[06:15:11] [Server thread/INFO]: [@: Changing to clear weather]
[06:15:11] [Server thread/INFO]: [@: Changing to clear weather]
[06:15:12] [Server thread/INFO]: [@: Changing to clear weather]
[06:15:12] [Server thread/INFO]: [@: Changing to clear weather]
[06:15:12] [Server thread/INFO]: [@: Changing to clear weather]
[06:15:13] [Server thread/INFO]: [@: Changing to clear weather]
[06:15:13] [Server thread/INFO]: [@: Changing to clear weather]
[06:15:14] [Server thread/INFO]: [@: Changing to clear weather]
[06:15:14] [Server thread/INFO]: [@: Changing to clear weather]
[06:15:14] [Server thread/INFO]: [@: Changing to clear weather]
[06:15:15] [Server thread/INFO]: [@: Changing to clear weather]
[06:15:15] [Server thread/INFO]: [@: Changing to clear weather]
[06:15:16] [Server thread/INFO]: [@: Changing to clear weather]
[06:15:16] [Server thread/INFO]: [@: Changing to clear weather]
[06:15:16] [Server thread/INFO]: [@: Changing to clear weather]
[06:15:17] [Server thread/INFO]: [@: Changing to clear weather]
[06:15:17] [Server thread/INFO]: [@: Changing to clear weather]
[06:15:18] [Server thread/INFO]: [@: Changing to clear weather]
[06:15:18] [Server thread/INFO]: [@: Changing to clear weather]
[06:15:19] [Server thread/INFO]: [@: Changing to clear weather]
[06:15:19] [Server thread/INFO]: [@: Changing to clear weather]
[06:15:19] [Server thread/INFO]: [@: Changing to clear weather]
[06:15:20] [Server thread/INFO]: [@: Changing to clear weather]
[06:15:20] [Server thread/INFO]: [@: Changing to clear weather]
[06:15:21] [Server thread/INFO]: [@: Changing to clear weather]
[06:15:21] [Server thread/INFO]: [@: Changing to clear weather]
[06:15:21] [Server thread/INFO]: [@: Changing to clear weather]
[06:15:22] [Server thread/INFO]: [@: Changing to clear weather]
[06:15:22] [Server thread/INFO]: [@: Changing to clear weather]
[06:15:23] [Server thread/INFO]: [@: Changing to clear weather]
[06:15:23] [Server thread/INFO]: [@: Changing to clear weather]
[06:15:23] [Server thread/INFO]: [@: Changing to clear weather]
[06:15:24] [Server thread/INFO]: [@: Changing to clear weather]
[06:15:24] [Server thread/INFO]: [@: Changing to clear weather]
[06:15:25] [Server thread/INFO]: [@: Changing to clear weather]
[06:15:25] [Server thread/INFO]: [@: Changing to clear weather]
[06:15:25] [Server thread/INFO]: [@: Changing to clear weather]
[06:15:26] [Server thread/INFO]: [@: Changing to clear weather]
[06:15:26] [Server thread/INFO]: [@: Changing to clear weather]
[06:15:27] [Server thread/INFO]: [@: Changing to clear weather]
[06:15:27] [Server thread/INFO]: [@: Changing to clear weather]
[06:15:27] [Server thread/INFO]: [@: Changing to clear weather]
[06:15:28] [Server thread/INFO]: [@: Changing to clear weather]
[06:15:28] [Server thread/INFO]: [@: Changing to clear weather]
[06:15:29] [Server thread/INFO]: [@: Changing to clear weather]
[06:15:29] [Server thread/INFO]: [@: Changing to clear weather]
[06:15:30] [Server thread/INFO]: [@: Changing to clear weather]
[06:15:30] [Server thread/INFO]: [@: Changing to clear weather]
[06:15:30] [Server thread/INFO]: [@: Changing to clear weather]
[06:15:31] [Server thread/INFO]: [@: Changing to clear weather]
[06:15:31] [Server thread/INFO]: [@: Changing to clear weather]
[06:15:32] [Server thread/INFO]: [@: Changing to clear weather]
[06:15:32] [Server thread/INFO]: [@: Changing to clear weather]
[06:15:32] [Server thread/INFO]: [@: Changing to clear weather]
[06:15:33] [Server thread/INFO]: [@: Changing to clear weather]
[06:15:33] [Server thread/INFO]: [@: Changing to clear weather]
[06:15:34] [Server thread/INFO]: [@: Changing to clear weather]
[06:15:34] [Server thread/INFO]: [@: Changing to clear weather]
[06:15:34] [Server thread/INFO]: [@: Changing to clear weather]
[06:15:35] [Server thread/INFO]: [@: Changing to clear weather]
[06:15:35] [Server thread/INFO]: [@: Changing to clear weather]
[06:15:36] [Server thread/INFO]: [@: Changing to clear weather]
[06:15:36] [Server thread/INFO]: [@: Changing to clear weather]
[06:15:36] [Server thread/INFO]: [@: Changing to clear weather]
[06:15:37] [Server thread/INFO]: [@: Changing to clear weather]
[06:15:37] [Server thread/INFO]: [@: Changing to clear weather]
[06:15:38] [Server thread/INFO]: [@: Changing to clear weather]
[06:15:38] [Server thread/INFO]: [@: Changing to clear weather]
[06:15:38] [Server thread/INFO]: [@: Changing to clear weather]
[06:15:39] [Server thread/INFO]: [@: Changing to clear weather]
[06:15:39] [Server thread/INFO]: [@: Changing to clear weather]
[06:15:40] [Server thread/INFO]: [@: Changing to clear weather]
[06:15:40] [Server thread/INFO]: [@: Changing to clear weather]
[06:15:40] [Server thread/INFO]: [@: Changing to clear weather]
[06:15:41] [Server thread/INFO]: [@: Changing to clear weather]
[06:15:41] [Server thread/INFO]: [@: Changing to clear weather]
[06:15:42] [Server thread/INFO]: [@: Changing to clear weather]
[06:15:42] [Server thread/INFO]: [@: Changing to clear weather]
[06:15:42] [Server thread/INFO]: [@: Changing to clear weather]
[06:15:43] [Server thread/INFO]: [@: Changing to clear weather]
[06:15:43] [Server thread/INFO]: [@: Changing to clear weather]
[06:15:44] [Server thread/INFO]: [@: Changing to clear weather]
[06:15:44] [Server thread/INFO]: [@: Changing to clear weather]
[06:15:44] [Server thread/INFO]: [@: Changing to clear weather]
[06:15:45] [Server thread/INFO]: [@: Changing to clear weather]
[06:15:45] [Server thread/INFO]: [@: Changing to clear weather]
[06:15:46] [Server thread/INFO]: [@: Changing to clear weather]
[06:15:46] [Server thread/INFO]: [@: Changing to clear weather]
[06:15:46] [Server thread/INFO]: [@: Changing to clear weather]
[06:15:47] [Server thread/INFO]: [@: Changing to clear weather]
[06:15:47] [Server thread/INFO]: [@: Changing to clear weather]
[06:15:48] [Server thread/INFO]: [@: Changing to clear weather]
[06:15:48] [Server thread/INFO]: [@: Changing to clear weather]
[06:15:48] [Server thread/INFO]: [@: Changing to clear weather]
[06:15:49] [Server thread/INFO]: [@: Changing to clear weather]
[06:15:49] [Server thread/INFO]: [@: Changing to clear weather]
[06:15:50] [Server thread/INFO]: [@: Changing to clear weather]
[06:15:50] [Server thread/INFO]: [@: Changing to clear weather]
[06:15:50] [Server thread/INFO]: [@: Changing to clear weather]
[06:15:51] [Server thread/INFO]: [@: Changing to clear weather]
[06:15:51] [Server thread/INFO]: [@: Changing to clear weather]
[06:15:52] [Server thread/INFO]: [@: Changing to clear weather]
[06:15:52] [Server thread/INFO]: [@: Changing to clear weather]
[06:15:52] [Server thread/INFO]: [@: Changing to clear weather]
[06:15:53] [Server thread/INFO]: [@: Changing to clear weather]
[06:15:53] [Server thread/INFO]: [@: Changing to clear weather]
[06:15:54] [Server thread/INFO]: [@: Changing to clear weather]
[06:15:54] [Server thread/INFO]: [@: Changing to clear weather]
[06:15:55] [Server thread/INFO]: [@: Changing to clear weather]
[06:15:55] [Server thread/INFO]: [@: Changing to clear weather]
[06:15:55] [Server thread/INFO]: [@: Changing to clear weather]
[06:15:56] [Server thread/INFO]: [@: Changing to clear weather]
[06:15:56] [Server thread/INFO]: [@: Changing to clear weather]
[06:15:57] [Server thread/INFO]: [@: Changing to clear weather]
[06:15:57] [Server thread/INFO]: [@: Changing to clear weather]
[06:15:57] [Server thread/INFO]: [@: Changing to clear weather]
[06:15:57] [Server thread/INFO]: DiaC_BuCk lost connection: Internal Exception: java.io.IOException: An existing connection was forcibly closed by the remote host
[06:15:57] [Server thread/INFO]: DiaC_BuCk left the game.
[06:16:06] [Server thread/INFO]: Unknown command. Type "/help" for help.[m
[06:16:12] [Server thread/INFO]: Unknown command. Type "/help" for help.[m
[06:16:22] [Server thread/INFO]: Unknown command. Type "/help" for help.[m
[06:16:26] [Server thread/INFO]: [0;33;1m----------[m Help: page 1/6  [0;33;1m--------------------[m[m
[06:16:26] [Server thread/INFO]: [0;37;22mType [0;36;1m//help <command> [<page>][0;37;22m for more information.[m
[06:16:26] [Server thread/INFO]: [0;33;22m//: [mToggle the super pickaxe function[m
[06:16:26] [Server thread/INFO]: [0;33;22m/.s: [mExecute last CraftScript[m
[06:16:26] [Server thread/INFO]: [0;33;22m/ascend: [mGo up a floor[m
[06:16:26] [Server thread/INFO]: [0;33;22m/biomeinfo: [mGet the biome of the targeted block.[m
[06:16:26] [Server thread/INFO]: [0;33;22m/biomelist: [mGets all biomes available.[m
[06:16:26] [Server thread/INFO]: [0;33;22m/brush: [mBrushing commands[m
[06:16:26] [Server thread/INFO]: [0;33;22m/butcher: [mKill all or nearby mobs[m
[06:16:26] [Server thread/INFO]: [0;33;22m//calc: [mEvaluate a mathematical expression[m
[06:16:26] [Server thread/INFO]: [0;33;22m/ceil: [mGo to the celing[m
[06:16:26] [Server thread/INFO]: [0;33;22m//center: [mSet the center block(s)[m
[06:16:26] [Server thread/INFO]: [0;33;22m//chunk: [mSet the selection to your current chunk.[m
[06:16:26] [Server thread/INFO]: [0;33;22m/chunkinfo: [mGet information about the chunk that you are inside[m
[06:16:26] [Server thread/INFO]: [0;33;22m/clearclipboard: [mClear your clipboard[m
[06:16:26] [Server thread/INFO]: [0;33;22m//clearhistory: [mClear your history[m
[06:16:26] [Server thread/INFO]: [0;33;22m//contract: [mContract the selection area[m
[06:16:26] [Server thread/INFO]: [0;33;22m//copy: [mCopy the selection to the clipboard[m
[06:16:26] [Server thread/INFO]: [0;33;22m//count: [mCounts the number of a certain type of block[m
[06:16:26] [Server thread/INFO]: [0;33;22m/cs: [mExecute a CraftScript[m
[06:16:26] [Server thread/INFO]: [0;33;22m//curve: [mDraws a spline through selected points[m
[06:16:26] [Server thread/INFO]: [0;33;22m//cut: [mCut the selection to the clipboard[m
[06:16:31] [Server thread/INFO]: [0;33;1m----------[m Help for save [0;33;1m---------------------[m[m
[06:16:31] [Server thread/INFO]: [0;33;1mUsage: [m<filename>[m
[06:16:31] [Server thread/INFO]: Save a schematic into your clipboard[m
[06:16:38] [Server thread/INFO]: Unknown command. Type "/help" for help.[m
[06:16:50] [Server thread/INFO]: Unknown command. Type "/help" for help.[m
[06:16:56] [Server thread/INFO]: [0;31;1mThe command 'saveall' could not be found.[m
[06:17:05] [Server thread/INFO]: [0;31;1mThe command 'rollback' could not be found.[m
[06:17:10] [Server thread/INFO]: Unknown command. Type "/help" for help.[m
[06:17:18] [Server thread/INFO]: Unknown command. Type "/help" for help.[m
[06:17:23] [Server thread/INFO]: Stopping the server
[06:17:23] [Server thread/INFO]: Stopping server
[06:17:23] [Server thread/INFO]: [Factions] Disabling Factions v2.7.5
[06:17:23] [Server thread/INFO]: [0;36;22m[[0;36;1mFactions 2.7.5[0;36;22m] [0;33;1mDisabled[m
[06:17:23] [Server thread/INFO]: [EssentialsAntiBuild] Disabling EssentialsAntiBuild vPre2.14.1.3
[06:17:23] [Server thread/INFO]: [MassiveCore] Disabling MassiveCore v2.7.5
[06:17:23] [Server thread/INFO]: [0;36;22m[[0;36;1mMassiveCore 2.7.5[0;36;22m] [0;33;1mDisabled[m
[06:17:23] [Server thread/INFO]: [LibsDisguises] Disabling LibsDisguises v8.2.6
[06:17:23] [Server thread/INFO]: [PowerTool] Disabling PowerTool v0.9.10
[06:17:23] [Server thread/INFO]: [PowerTool] 0.9.10 disabled.
[06:17:23] [Server thread/INFO]: [ProtocolLib] Disabling ProtocolLib v3.6.3-SNAPSHOT
[06:17:23] [Server thread/INFO]: [WorldEdit] Disabling WorldEdit v6.0;3342-78f975b9
[06:17:23] [Server thread/INFO]: [WeatherGod] Disabling WeatherGod v3.1.1
[06:17:23] [Server thread/INFO]: [WeatherGod] Disabled!
[06:17:23] [Server thread/INFO]: Saving players
[06:17:23] [Server thread/INFO]: Saving worlds
[06:17:23] [Server thread/INFO]: Saving chunks for level 'world'/Overworld
[06:17:23] [Server thread/INFO]: Saving chunks for level 'world_nether'/Nether
[06:17:23] [Server thread/INFO]: Saving chunks for level 'world_the_end'/The End
[06:17:23] [Thread-4/INFO]: Stopping server
[06:17:23] [Thread-4/INFO]: Saving players
[06:17:23] [Thread-4/INFO]: Saving worlds
[06:17:23] [Thread-4/INFO]: Saving chunks for level 'world'/Overworld
[06:17:23] [Thread-4/INFO]: Saving chunks for level 'world_nether'/Nether
